<?xml version="1.0" encoding="UTF-8" ?>
<testsuite tests="26" failures="0" name="es.udc.ws.app.test.model.offerservice.OfferServiceTest" time="3.512" errors="0" skipped="0">
  <properties>
    <property name="java.runtime.name" value="Java(TM) SE Runtime Environment"/>
    <property name="sun.boot.library.path" value="/opt/jdk/jre/lib/amd64"/>
    <property name="java.vm.version" value="25.5-b02"/>
    <property name="java.vm.vendor" value="Oracle Corporation"/>
    <property name="java.vendor.url" value="http://java.oracle.com/"/>
    <property name="path.separator" value=":"/>
    <property name="guice.disable.misplaced.annotation.check" value="true"/>
    <property name="java.vm.name" value="Java HotSpot(TM) 64-Bit Server VM"/>
    <property name="file.encoding.pkg" value="sun.io"/>
    <property name="user.country" value="US"/>
    <property name="sun.java.launcher" value="SUN_STANDARD"/>
    <property name="sun.os.patch.level" value="unknown"/>
    <property name="java.vm.specification.name" value="Java Virtual Machine Specification"/>
    <property name="user.dir" value="/home/bougar/workspace/ws-app"/>
    <property name="java.runtime.version" value="1.8.0_05-b13"/>
    <property name="java.awt.graphicsenv" value="sun.awt.X11GraphicsEnvironment"/>
    <property name="java.endorsed.dirs" value="/opt/jdk/jre/lib/endorsed"/>
    <property name="os.arch" value="amd64"/>
    <property name="java.io.tmpdir" value="/tmp"/>
    <property name="line.separator" value="
"/>
    <property name="java.vm.specification.vendor" value="Oracle Corporation"/>
    <property name="os.name" value="Linux"/>
    <property name="classworlds.conf" value="/home/bougar/workspace/.metadata/.plugins/org.eclipse.m2e.launching/launches/m2conf4095079975725474264.tmp"/>
    <property name="sun.jnu.encoding" value="UTF-8"/>
    <property name="java.library.path" value="/usr/java/packages/lib/amd64:/usr/lib64:/lib64:/lib:/usr/lib"/>
    <property name="java.specification.name" value="Java Platform API Specification"/>
    <property name="java.class.version" value="52.0"/>
    <property name="sun.management.compiler" value="HotSpot 64-Bit Tiered Compilers"/>
    <property name="os.version" value="3.16.0-4-amd64"/>
    <property name="user.home" value="/home/bougar"/>
    <property name="user.timezone" value="Europe/Madrid"/>
    <property name="java.awt.printerjob" value="sun.print.PSPrinterJob"/>
    <property name="file.encoding" value="UTF-8"/>
    <property name="java.specification.version" value="1.8"/>
    <property name="user.name" value="bougar"/>
    <property name="java.class.path" value="/opt/eclipse/plugins/org.eclipse.m2e.maven.runtime_1.5.0.20140605-2032/jars/plexus-classworlds-2.5.1.jar"/>
    <property name="org.slf4j.simpleLogger.defaultLogLevel" value="info"/>
    <property name="java.vm.specification.version" value="1.8"/>
    <property name="sun.arch.data.model" value="64"/>
    <property name="java.home" value="/opt/jdk/jre"/>
    <property name="sun.java.command" value="org.codehaus.plexus.classworlds.launcher.Launcher -B install"/>
    <property name="java.specification.vendor" value="Oracle Corporation"/>
    <property name="user.language" value="en"/>
    <property name="awt.toolkit" value="sun.awt.X11.XToolkit"/>
    <property name="java.vm.info" value="mixed mode"/>
    <property name="java.version" value="1.8.0_05"/>
    <property name="java.ext.dirs" value="/opt/jdk/jre/lib/ext:/usr/java/packages/lib/ext"/>
    <property name="securerandom.source" value="file:/dev/./urandom"/>
    <property name="sun.boot.class.path" value="/opt/jdk/jre/lib/resources.jar:/opt/jdk/jre/lib/rt.jar:/opt/jdk/jre/lib/sunrsasign.jar:/opt/jdk/jre/lib/jsse.jar:/opt/jdk/jre/lib/jce.jar:/opt/jdk/jre/lib/charsets.jar:/opt/jdk/jre/lib/jfr.jar:/opt/jdk/jre/classes"/>
    <property name="java.vendor" value="Oracle Corporation"/>
    <property name="maven.home" value="/home/bougar/workspace/ws-app/EMBEDDED"/>
    <property name="file.separator" value="/"/>
    <property name="java.vendor.url.bug" value="http://bugreport.sun.com/bugreport/"/>
    <property name="sun.cpu.endian" value="little"/>
    <property name="sun.io.unicode.encoding" value="UnicodeLittle"/>
    <property name="sun.desktop" value="gnome"/>
    <property name="sun.cpu.isalist" value=""/>
  </properties>
  <testcase classname="es.udc.ws.app.test.model.offerservice.OfferServiceTest" name="testAddInvalidOffer" time="0.012"/>
  <testcase classname="es.udc.ws.app.test.model.offerservice.OfferServiceTest" name="testClaimOffer" time="0.505"/>
  <testcase classname="es.udc.ws.app.test.model.offerservice.OfferServiceTest" name="testAlreadyInvalidatedOffer" time="0.133"/>
  <testcase classname="es.udc.ws.app.test.model.offerservice.OfferServiceTest" name="testInvalidateOffer" time="0.167"/>
  <testcase classname="es.udc.ws.app.test.model.offerservice.OfferServiceTest" name="testReservationDateExpired" time="0.083"/>
  <testcase classname="es.udc.ws.app.test.model.offerservice.OfferServiceTest" name="testUpdateOffer" time="0.083"/>
  <testcase classname="es.udc.ws.app.test.model.offerservice.OfferServiceTest" name="testReserveOfferWithInvalidCreditCard" time="0.059"/>
  <testcase classname="es.udc.ws.app.test.model.offerservice.OfferServiceTest" name="testNotModifiableOfferPrize" time="0.117"/>
  <testcase classname="es.udc.ws.app.test.model.offerservice.OfferServiceTest" name="testRemoveOffer" time="0.063"/>
  <testcase classname="es.udc.ws.app.test.model.offerservice.OfferServiceTest" name="testInvalidatedClaimed" time="0.171"/>
  <testcase classname="es.udc.ws.app.test.model.offerservice.OfferServiceTest" name="testReserveNonExistingOffer" time="0.005"/>
  <testcase classname="es.udc.ws.app.test.model.offerservice.OfferServiceTest" name="testFindOfferByValid" time="0.145"/>
  <testcase classname="es.udc.ws.app.test.model.offerservice.OfferServiceTest" name="testReserveOffer" time="0.151"/>
  <testcase classname="es.udc.ws.app.test.model.offerservice.OfferServiceTest" name="testFindOfferByVariousFields" time="0.058"/>
  <testcase classname="es.udc.ws.app.test.model.offerservice.OfferServiceTest" name="testAlreadyReservated" time="0.133"/>
  <testcase classname="es.udc.ws.app.test.model.offerservice.OfferServiceTest" name="testNotModifiableOfferDate" time="0.124"/>
  <testcase classname="es.udc.ws.app.test.model.offerservice.OfferServiceTest" name="testFindOfferByKeywords" time="0.209"/>
  <testcase classname="es.udc.ws.app.test.model.offerservice.OfferServiceTest" name="testRemoveNonExistentOffer" time="0.005"/>
  <testcase classname="es.udc.ws.app.test.model.offerservice.OfferServiceTest" name="testAddOfferAndFindOffer" time="0.186"/>
  <testcase classname="es.udc.ws.app.test.model.offerservice.OfferServiceTest" name="testFindReservationByUserId" time="0.618"/>
  <testcase classname="es.udc.ws.app.test.model.offerservice.OfferServiceTest" name="testAlreadyClaimedOffer" time="0.151"/>
  <testcase classname="es.udc.ws.app.test.model.offerservice.OfferServiceTest" name="testFindNonExistentOffer" time="0.004"/>
  <testcase classname="es.udc.ws.app.test.model.offerservice.OfferServiceTest" name="testClaimOutOfDate" time="0.146"/>
  <testcase classname="es.udc.ws.app.test.model.offerservice.OfferServiceTest" name="testUpdateNonExistentOffer" time="0.009"/>
  <testcase classname="es.udc.ws.app.test.model.offerservice.OfferServiceTest" name="testNotRemovableOffer" time="0.116"/>
  <testcase classname="es.udc.ws.app.test.model.offerservice.OfferServiceTest" name="testUpdateInvalidOffer" time="0.059"/>
</testsuite>